0 info it worked if it ends with ok
1 verbose cli [ 'C:\\Program Files\\nodejs\\\\node.exe',
1 verbose cli   'C:\\Program Files\\nodejs\\node_modules\\npm\\bin\\npm-cli.js',
1 verbose cli   'install',
1 verbose cli   '-g',
1 verbose cli   'phonepag' ]
2 info using npm@1.4.3
3 info using node@v0.10.26
4 verbose node symlink C:\Program Files\nodejs\\node.exe
5 verbose cache add [ 'phonepag', null ]
6 verbose cache add name=undefined spec="phonepag" args=["phonepag",null]
7 verbose parsed url { protocol: null,
7 verbose parsed url   slashes: null,
7 verbose parsed url   auth: null,
7 verbose parsed url   host: null,
7 verbose parsed url   port: null,
7 verbose parsed url   hostname: null,
7 verbose parsed url   hash: null,
7 verbose parsed url   search: null,
7 verbose parsed url   query: null,
7 verbose parsed url   pathname: 'phonepag',
7 verbose parsed url   path: 'phonepag',
7 verbose parsed url   href: 'phonepag' }
8 silly lockFile d928e007-phonepag phonepag
9 verbose lock phonepag C:\Users\wolf\AppData\Roaming\npm-cache\d928e007-phonepag.lock
10 silly lockFile d928e007-phonepag phonepag
11 silly lockFile d928e007-phonepag phonepag
12 verbose addNamed [ 'phonepag', '' ]
13 verbose addNamed [ null, '*' ]
14 silly lockFile 5e2544ff-phonepag phonepag@
15 verbose lock phonepag@ C:\Users\wolf\AppData\Roaming\npm-cache\5e2544ff-phonepag.lock
16 silly addNameRange { name: 'phonepag', range: '*', hasData: false }
17 verbose url raw phonepag
18 verbose url resolving [ 'https://registry.npmjs.org/', './phonepag' ]
19 verbose url resolved https://registry.npmjs.org/phonepag
20 info trying registry request attempt 1 at 08:16:58
21 http GET https://registry.npmjs.org/phonepag
22 http 404 https://registry.npmjs.org/phonepag
23 silly registry.get cb [ 404,
23 silly registry.get   { date: 'Wed, 28 May 2014 12:17:00 GMT',
23 silly registry.get     server: 'CouchDB/1.5.0 (Erlang OTP/R14B04)',
23 silly registry.get     'content-type': 'application/json',
23 silly registry.get     via: '1.1 varnish',
23 silly registry.get     'cache-control': 'max-age=0',
23 silly registry.get     'content-length': '52',
23 silly registry.get     'accept-ranges': 'bytes',
23 silly registry.get     age: '0',
23 silly registry.get     'x-served-by': 'cache-v42-ASH, cache-at52-ATL',
23 silly registry.get     'x-cache': 'MISS, MISS',
23 silly registry.get     'x-cache-hits': '0, 0',
23 silly registry.get     'x-timer': 'S1401279420.800762,VS0,VE116',
23 silly registry.get     'keep-alive': 'timeout=10, max=50',
23 silly registry.get     connection: 'Keep-Alive' } ]
24 silly lockFile 5e2544ff-phonepag phonepag@
25 silly lockFile 5e2544ff-phonepag phonepag@
26 error 404 'phonepag' is not in the npm registry.
26 error 404 You should bug the author to publish it
26 error 404
26 error 404 Note that you can also install from a
26 error 404 tarball, folder, or http url, or git url.
27 error System Windows_NT 6.2.9200
28 error command "C:\\Program Files\\nodejs\\\\node.exe" "C:\\Program Files\\nodejs\\node_modules\\npm\\bin\\npm-cli.js" "install" "-g" "phonepag"
29 error cwd D:\N\attendance
30 error node -v v0.10.26
31 error npm -v 1.4.3
32 error code E404
33 verbose exit [ 1, true ]
